<?xml version="1.0" encoding="UTF-8"?>
<!-- Generated by org.testng.reporters.JUnitXMLReporter -->
<testsuite ignored="0" hostname="RGW-8180" failures="0" tests="5" name="Default test" time="2.102" errors="0" timestamp="2022-06-15T16:36:41 IST">
  <testcase classname="com.EBanking.testCases.eBanking_TC002_LoginPageDDT" name="@BeforeClass browserLaunch" time="-1.65529119931E9">
    <failure type="org.testng.TestNGException" message="
Parameter &amp;apos;browser&amp;apos; is required by BeforeClass on method browserLaunch but has not been marked @Optional or defined
in C:\Users\ecs\AppData\Local\Temp\testng-eclipse-1817742181\testng-customsuite.xml">
      <![CDATA[org.testng.TestNGException: 
Parameter 'browser' is required by BeforeClass on method browserLaunch but has not been marked @Optional or defined
in C:\Users\ecs\AppData\Local\Temp\testng-eclipse-1817742181\testng-customsuite.xml
at org.testng.internal.Parameters.createParams(Parameters.java:268)
at org.testng.internal.Parameters.createParametersForMethod(Parameters.java:356)
at org.testng.internal.Parameters.createParameters(Parameters.java:700)
at org.testng.internal.Parameters.createConfigurationParameters(Parameters.java:166)
at org.testng.internal.ConfigInvoker.invokeConfigurations(ConfigInvoker.java:301)
at org.testng.internal.TestMethodWorker.invokeBeforeClassMethods(TestMethodWorker.java:176)
at org.testng.internal.TestMethodWorker.run(TestMethodWorker.java:122)
at java.base/java.util.ArrayList.forEach(ArrayList.java:1511)
at org.testng.TestRunner.privateRun(TestRunner.java:764)
at org.testng.TestRunner.run(TestRunner.java:585)
at org.testng.SuiteRunner.runTest(SuiteRunner.java:384)
at org.testng.SuiteRunner.runSequentially(SuiteRunner.java:378)
at org.testng.SuiteRunner.privateRun(SuiteRunner.java:337)
at org.testng.SuiteRunner.run(SuiteRunner.java:286)
at org.testng.SuiteRunnerWorker.runSuite(SuiteRunnerWorker.java:53)
at org.testng.SuiteRunnerWorker.run(SuiteRunnerWorker.java:96)
at org.testng.TestNG.runSuitesSequentially(TestNG.java:1218)
at org.testng.TestNG.runSuitesLocally(TestNG.java:1140)
at org.testng.TestNG.runSuites(TestNG.java:1069)
at org.testng.TestNG.run(TestNG.java:1037)
at org.testng.remote.AbstractRemoteTestNG.run(AbstractRemoteTestNG.java:115)
at org.testng.remote.RemoteTestNG.initAndRun(RemoteTestNG.java:251)
at org.testng.remote.RemoteTestNG.main(RemoteTestNG.java:77)
]]>
    </failure>
  </testcase> <!-- @BeforeClass browserLaunch -->
  <testcase classname="com.EBanking.testCases.eBanking_TC002_LoginPageDDT" name="@BeforeMethod launchApplication" time="-1.655291201238E9">
    <skipped/>
  </testcase> <!-- @BeforeMethod launchApplication -->
  <testcase classname="com.EBanking.testCases.eBanking_TC002_LoginPageDDT" name="@AfterMethod getStatus" time="-1.655291201276E9">
    <skipped/>
  </testcase> <!-- @AfterMethod getStatus -->
  <testcase classname="com.EBanking.testCases.eBanking_TC002_LoginPageDDT" name="@BeforeMethod launchApplication" time="-1.655291201285E9">
    <skipped/>
  </testcase> <!-- @BeforeMethod launchApplication -->
  <testcase classname="com.EBanking.testCases.eBanking_TC002_LoginPageDDT" name="@AfterMethod getStatus" time="-1.655291201301E9">
    <skipped/>
  </testcase> <!-- @AfterMethod getStatus -->
  <testcase classname="com.EBanking.testCases.eBanking_TC002_LoginPageDDT" name="@BeforeMethod launchApplication" time="-1.655291201325E9">
    <skipped/>
  </testcase> <!-- @BeforeMethod launchApplication -->
  <testcase classname="com.EBanking.testCases.eBanking_TC002_LoginPageDDT" name="@AfterMethod getStatus" time="-1.655291201339E9">
    <skipped/>
  </testcase> <!-- @AfterMethod getStatus -->
  <testcase classname="com.EBanking.testCases.eBanking_TC002_LoginPageDDT" name="@BeforeMethod launchApplication" time="-1.655291201342E9">
    <skipped/>
  </testcase> <!-- @BeforeMethod launchApplication -->
  <testcase classname="com.EBanking.testCases.eBanking_TC002_LoginPageDDT" name="@AfterMethod getStatus" time="-1.655291201349E9">
    <skipped/>
  </testcase> <!-- @AfterMethod getStatus -->
  <testcase classname="com.EBanking.testCases.eBanking_TC002_LoginPageDDT" name="@BeforeMethod launchApplication" time="-1.655291201352E9">
    <skipped/>
  </testcase> <!-- @BeforeMethod launchApplication -->
  <testcase classname="com.EBanking.testCases.eBanking_TC002_LoginPageDDT" name="@AfterMethod getStatus" time="-1.655291201359E9">
    <skipped/>
  </testcase> <!-- @AfterMethod getStatus -->
  <testcase classname="com.EBanking.testCases.eBanking_TC002_LoginPageDDT" name="@AfterClass closeApplication" time="-1.655291201363E9">
    <skipped/>
  </testcase> <!-- @AfterClass closeApplication -->
  <testcase classname="com.EBanking.testCases.eBanking_TC002_LoginPageDDT" name="loginToEBanking" time="0.0">
    <skipped/>
  </testcase> <!-- loginToEBanking -->
  <testcase classname="com.EBanking.testCases.eBanking_TC002_LoginPageDDT" name="loginToEBanking" time="0.0">
    <skipped/>
  </testcase> <!-- loginToEBanking -->
  <testcase classname="com.EBanking.testCases.eBanking_TC002_LoginPageDDT" name="loginToEBanking" time="0.0">
    <skipped/>
  </testcase> <!-- loginToEBanking -->
  <testcase classname="com.EBanking.testCases.eBanking_TC002_LoginPageDDT" name="loginToEBanking" time="0.0">
    <skipped/>
  </testcase> <!-- loginToEBanking -->
  <testcase classname="com.EBanking.testCases.eBanking_TC002_LoginPageDDT" name="loginToEBanking" time="0.0">
    <skipped/>
  </testcase> <!-- loginToEBanking -->
</testsuite> <!-- Default test -->
