<?xml version="1.0" encoding="UTF-8"?>
<!-- Generated by org.testng.reporters.JUnitXMLReporter -->
<testsuite ignored="0" hostname="RGW-8180" failures="3" tests="5" name="LoginEbankingDDT" time="278.954" errors="0" timestamp="2022-06-15T16:57:11 IST">
  <testcase classname="com.EBanking.testCases.eBanking_TC002_LoginPageDDT" name="loginToEBanking" time="51.677"/>
  <testcase classname="com.EBanking.testCases.eBanking_TC002_LoginPageDDT" name="loginToEBanking" time="24.934">
    <failure type="java.lang.AssertionError" message="expected [true] but found [false]">
      <![CDATA[java.lang.AssertionError: expected [true] but found [false]
at com.EBanking.testCases.eBanking_TC002_LoginPageDDT.loginToEBanking(eBanking_TC002_LoginPageDDT.java:76)
at java.base/java.util.ArrayList.forEach(ArrayList.java:1511)
... Removed 31 stack frames]]>
    </failure>
  </testcase> <!-- loginToEBanking -->
  <testcase classname="com.EBanking.testCases.eBanking_TC002_LoginPageDDT" name="loginToEBanking" time="54.084"/>
  <testcase classname="com.EBanking.testCases.eBanking_TC002_LoginPageDDT" name="loginToEBanking" time="0.112">
    <failure type="java.lang.IllegalArgumentException" message="Keys to send should be a not null CharSequence">
      <![CDATA[java.lang.IllegalArgumentException: Keys to send should be a not null CharSequence
at org.openqa.selenium.remote.RemoteWebElement.sendKeys(RemoteWebElement.java:97)
at org.openqa.selenium.support.pagefactory.internal.LocatingElementHandler.invoke(LocatingElementHandler.java:51)
at jdk.proxy2/jdk.proxy2.$Proxy17.sendKeys(Unknown Source)
at com.EBanking.PageObjects.eBanking_LogIn_002.setUserName(eBanking_LogIn_002.java:31)
at com.EBanking.testCases.eBanking_TC002_LoginPageDDT.loginToEBanking(eBanking_TC002_LoginPageDDT.java:65)
at java.base/java.util.ArrayList.forEach(ArrayList.java:1511)
... Removed 31 stack frames]]>
    </failure>
  </testcase> <!-- loginToEBanking -->
  <testcase classname="com.EBanking.testCases.eBanking_TC002_LoginPageDDT" name="loginToEBanking" time="0.077">
    <failure type="java.lang.IllegalArgumentException" message="Keys to send should be a not null CharSequence">
      <![CDATA[java.lang.IllegalArgumentException: Keys to send should be a not null CharSequence
at org.openqa.selenium.remote.RemoteWebElement.sendKeys(RemoteWebElement.java:97)
at org.openqa.selenium.support.pagefactory.internal.LocatingElementHandler.invoke(LocatingElementHandler.java:51)
at jdk.proxy2/jdk.proxy2.$Proxy17.sendKeys(Unknown Source)
at com.EBanking.PageObjects.eBanking_LogIn_002.setUserName(eBanking_LogIn_002.java:31)
at com.EBanking.testCases.eBanking_TC002_LoginPageDDT.loginToEBanking(eBanking_TC002_LoginPageDDT.java:65)
at java.base/java.util.ArrayList.forEach(ArrayList.java:1511)
... Removed 31 stack frames]]>
    </failure>
  </testcase> <!-- loginToEBanking -->
</testsuite> <!-- LoginEbankingDDT -->
