<?xml version="1.0" encoding="UTF-8"?>
<testng-results ignored="0" total="5" passed="2" failed="3" skipped="0">
  <reporter-output>
  </reporter-output>
  <suite started-at="2022-06-15T16:52:32 IST" name="EBankingDDT" finished-at="2022-06-15T16:57:11 IST" duration-ms="278954">
    <groups>
    </groups>
    <test started-at="2022-06-15T16:52:32 IST" name="LoginEbankingDDT" finished-at="2022-06-15T16:57:11 IST" duration-ms="278954">
      <class name="com.EBanking.testCases.eBanking_TC002_LoginPageDDT">
        <test-method is-config="true" signature="browserLaunch(java.lang.String)[pri:0, instance:com.EBanking.testCases.eBanking_TC002_LoginPageDDT@bef2d72]" started-at="2022-06-15T16:52:32 IST" name="browserLaunch" finished-at="2022-06-15T16:52:45 IST" duration-ms="12415" status="PASS">
          <params>
            <param index="0">
              <value>
                <![CDATA[ChromeBrowser]]>
              </value>
            </param>
          </params>
          <reporter-output>
          </reporter-output>
        </test-method> <!-- browserLaunch -->
        <test-method is-config="true" signature="launchApplication()[pri:0, instance:com.EBanking.testCases.eBanking_TC002_LoginPageDDT@bef2d72]" started-at="2022-06-15T16:52:46 IST" name="launchApplication" finished-at="2022-06-15T16:53:15 IST" duration-ms="29259" status="PASS">
          <reporter-output>
          </reporter-output>
        </test-method> <!-- launchApplication -->
        <test-method signature="loginToEBanking(java.lang.String, java.lang.String)[pri:0, instance:com.EBanking.testCases.eBanking_TC002_LoginPageDDT@bef2d72]" started-at="2022-06-15T16:53:15 IST" name="loginToEBanking" data-provider="LoginData" finished-at="2022-06-15T16:54:07 IST" duration-ms="51677" status="PASS">
          <params>
            <param index="0">
              <value>
                <![CDATA[mngr415097]]>
              </value>
            </param>
            <param index="1">
              <value>
                <![CDATA[sYgUrEt]]>
              </value>
            </param>
          </params>
          <reporter-output>
          </reporter-output>
        </test-method> <!-- loginToEBanking -->
        <test-method is-config="true" signature="getStatus()[pri:0, instance:com.EBanking.testCases.eBanking_TC002_LoginPageDDT@bef2d72]" started-at="2022-06-15T16:54:07 IST" name="getStatus" finished-at="2022-06-15T16:54:07 IST" duration-ms="13" status="PASS">
          <reporter-output>
          </reporter-output>
        </test-method> <!-- getStatus -->
        <test-method is-config="true" signature="launchApplication()[pri:0, instance:com.EBanking.testCases.eBanking_TC002_LoginPageDDT@bef2d72]" started-at="2022-06-15T16:54:07 IST" name="launchApplication" finished-at="2022-06-15T16:54:31 IST" duration-ms="24336" status="PASS">
          <reporter-output>
          </reporter-output>
        </test-method> <!-- launchApplication -->
        <test-method signature="loginToEBanking(java.lang.String, java.lang.String)[pri:0, instance:com.EBanking.testCases.eBanking_TC002_LoginPageDDT@bef2d72]" started-at="2022-06-15T16:54:31 IST" name="loginToEBanking" data-provider="LoginData" finished-at="2022-06-15T16:54:56 IST" duration-ms="24934" status="FAIL">
          <params>
            <param index="0">
              <value>
                <![CDATA[mmgr593071]]>
              </value>
            </param>
            <param index="1">
              <value>
                <![CDATA[nTuLePr]]>
              </value>
            </param>
          </params>
          <exception class="java.lang.AssertionError">
            <message>
              <![CDATA[expected [true] but found [false]]]>
            </message>
            <full-stacktrace>
              <![CDATA[java.lang.AssertionError: expected [true] but found [false]
at org.testng.Assert.fail(Assert.java:99)
at org.testng.Assert.failNotEquals(Assert.java:1037)
at org.testng.Assert.assertTrue(Assert.java:45)
at org.testng.Assert.assertTrue(Assert.java:55)
at com.EBanking.testCases.eBanking_TC002_LoginPageDDT.loginToEBanking(eBanking_TC002_LoginPageDDT.java:76)
at java.base/jdk.internal.reflect.NativeMethodAccessorImpl.invoke0(Native Method)
at java.base/jdk.internal.reflect.NativeMethodAccessorImpl.invoke(NativeMethodAccessorImpl.java:77)
at java.base/jdk.internal.reflect.DelegatingMethodAccessorImpl.invoke(DelegatingMethodAccessorImpl.java:43)
at java.base/java.lang.reflect.Method.invoke(Method.java:568)
at org.testng.internal.MethodInvocationHelper.invokeMethod(MethodInvocationHelper.java:132)
at org.testng.internal.TestInvoker.invokeMethod(TestInvoker.java:599)
at org.testng.internal.TestInvoker.invokeTestMethod(TestInvoker.java:174)
at org.testng.internal.MethodRunner.runInSequence(MethodRunner.java:46)
at org.testng.internal.TestInvoker$MethodInvocationAgent.invoke(TestInvoker.java:822)
at org.testng.internal.TestInvoker.invokeTestMethods(TestInvoker.java:147)
at org.testng.internal.TestMethodWorker.invokeTestMethods(TestMethodWorker.java:146)
at org.testng.internal.TestMethodWorker.run(TestMethodWorker.java:128)
at java.base/java.util.ArrayList.forEach(ArrayList.java:1511)
at org.testng.TestRunner.privateRun(TestRunner.java:764)
at org.testng.TestRunner.run(TestRunner.java:585)
at org.testng.SuiteRunner.runTest(SuiteRunner.java:384)
at org.testng.SuiteRunner.runSequentially(SuiteRunner.java:378)
at org.testng.SuiteRunner.privateRun(SuiteRunner.java:337)
at org.testng.SuiteRunner.run(SuiteRunner.java:286)
at org.testng.SuiteRunnerWorker.runSuite(SuiteRunnerWorker.java:53)
at org.testng.SuiteRunnerWorker.run(SuiteRunnerWorker.java:96)
at org.testng.TestNG.runSuitesSequentially(TestNG.java:1218)
at org.testng.TestNG.runSuitesLocally(TestNG.java:1140)
at org.testng.TestNG.runSuites(TestNG.java:1069)
at org.testng.TestNG.run(TestNG.java:1037)
at org.testng.remote.AbstractRemoteTestNG.run(AbstractRemoteTestNG.java:115)
at org.testng.remote.RemoteTestNG.initAndRun(RemoteTestNG.java:251)
at org.testng.remote.RemoteTestNG.main(RemoteTestNG.java:77)
]]>
            </full-stacktrace>
          </exception> <!-- java.lang.AssertionError -->
          <reporter-output>
          </reporter-output>
        </test-method> <!-- loginToEBanking -->
        <test-method is-config="true" signature="getStatus()[pri:0, instance:com.EBanking.testCases.eBanking_TC002_LoginPageDDT@bef2d72]" started-at="2022-06-15T16:54:56 IST" name="getStatus" finished-at="2022-06-15T16:54:56 IST" duration-ms="12" status="PASS">
          <reporter-output>
          </reporter-output>
        </test-method> <!-- getStatus -->
        <test-method is-config="true" signature="launchApplication()[pri:0, instance:com.EBanking.testCases.eBanking_TC002_LoginPageDDT@bef2d72]" started-at="2022-06-15T16:54:56 IST" name="launchApplication" finished-at="2022-06-15T16:55:20 IST" duration-ms="23805" status="PASS">
          <reporter-output>
          </reporter-output>
        </test-method> <!-- launchApplication -->
        <test-method signature="loginToEBanking(java.lang.String, java.lang.String)[pri:0, instance:com.EBanking.testCases.eBanking_TC002_LoginPageDDT@bef2d72]" started-at="2022-06-15T16:55:20 IST" name="loginToEBanking" data-provider="LoginData" finished-at="2022-06-15T16:56:14 IST" duration-ms="54084" status="PASS">
          <params>
            <param index="0">
              <value>
                <![CDATA[mngr415097]]>
              </value>
            </param>
            <param index="1">
              <value>
                <![CDATA[sYgUrEt]]>
              </value>
            </param>
          </params>
          <reporter-output>
          </reporter-output>
        </test-method> <!-- loginToEBanking -->
        <test-method is-config="true" signature="getStatus()[pri:0, instance:com.EBanking.testCases.eBanking_TC002_LoginPageDDT@bef2d72]" started-at="2022-06-15T16:56:14 IST" name="getStatus" finished-at="2022-06-15T16:56:14 IST" duration-ms="31" status="PASS">
          <reporter-output>
          </reporter-output>
        </test-method> <!-- getStatus -->
        <test-method is-config="true" signature="launchApplication()[pri:0, instance:com.EBanking.testCases.eBanking_TC002_LoginPageDDT@bef2d72]" started-at="2022-06-15T16:56:14 IST" name="launchApplication" finished-at="2022-06-15T16:56:43 IST" duration-ms="29023" status="PASS">
          <reporter-output>
          </reporter-output>
        </test-method> <!-- launchApplication -->
        <test-method signature="loginToEBanking(java.lang.String, java.lang.String)[pri:0, instance:com.EBanking.testCases.eBanking_TC002_LoginPageDDT@bef2d72]" started-at="2022-06-15T16:56:43 IST" name="loginToEBanking" data-provider="LoginData" finished-at="2022-06-15T16:56:44 IST" duration-ms="112" status="FAIL">
          <params>
            <param index="0">
              <value is-null="true"/>
            </param>
            <param index="1">
              <value is-null="true"/>
            </param>
          </params>
          <exception class="java.lang.IllegalArgumentException">
            <message>
              <![CDATA[Keys to send should be a not null CharSequence]]>
            </message>
            <full-stacktrace>
              <![CDATA[java.lang.IllegalArgumentException: Keys to send should be a not null CharSequence
at org.openqa.selenium.remote.RemoteWebElement.sendKeys(RemoteWebElement.java:97)
at java.base/jdk.internal.reflect.NativeMethodAccessorImpl.invoke0(Native Method)
at java.base/jdk.internal.reflect.NativeMethodAccessorImpl.invoke(NativeMethodAccessorImpl.java:77)
at java.base/jdk.internal.reflect.DelegatingMethodAccessorImpl.invoke(DelegatingMethodAccessorImpl.java:43)
at java.base/java.lang.reflect.Method.invoke(Method.java:568)
at org.openqa.selenium.support.pagefactory.internal.LocatingElementHandler.invoke(LocatingElementHandler.java:51)
at jdk.proxy2/jdk.proxy2.$Proxy17.sendKeys(Unknown Source)
at com.EBanking.PageObjects.eBanking_LogIn_002.setUserName(eBanking_LogIn_002.java:31)
at com.EBanking.testCases.eBanking_TC002_LoginPageDDT.loginToEBanking(eBanking_TC002_LoginPageDDT.java:65)
at java.base/jdk.internal.reflect.NativeMethodAccessorImpl.invoke0(Native Method)
at java.base/jdk.internal.reflect.NativeMethodAccessorImpl.invoke(NativeMethodAccessorImpl.java:77)
at java.base/jdk.internal.reflect.DelegatingMethodAccessorImpl.invoke(DelegatingMethodAccessorImpl.java:43)
at java.base/java.lang.reflect.Method.invoke(Method.java:568)
at org.testng.internal.MethodInvocationHelper.invokeMethod(MethodInvocationHelper.java:132)
at org.testng.internal.TestInvoker.invokeMethod(TestInvoker.java:599)
at org.testng.internal.TestInvoker.invokeTestMethod(TestInvoker.java:174)
at org.testng.internal.MethodRunner.runInSequence(MethodRunner.java:46)
at org.testng.internal.TestInvoker$MethodInvocationAgent.invoke(TestInvoker.java:822)
at org.testng.internal.TestInvoker.invokeTestMethods(TestInvoker.java:147)
at org.testng.internal.TestMethodWorker.invokeTestMethods(TestMethodWorker.java:146)
at org.testng.internal.TestMethodWorker.run(TestMethodWorker.java:128)
at java.base/java.util.ArrayList.forEach(ArrayList.java:1511)
at org.testng.TestRunner.privateRun(TestRunner.java:764)
at org.testng.TestRunner.run(TestRunner.java:585)
at org.testng.SuiteRunner.runTest(SuiteRunner.java:384)
at org.testng.SuiteRunner.runSequentially(SuiteRunner.java:378)
at org.testng.SuiteRunner.privateRun(SuiteRunner.java:337)
at org.testng.SuiteRunner.run(SuiteRunner.java:286)
at org.testng.SuiteRunnerWorker.runSuite(SuiteRunnerWorker.java:53)
at org.testng.SuiteRunnerWorker.run(SuiteRunnerWorker.java:96)
at org.testng.TestNG.runSuitesSequentially(TestNG.java:1218)
at org.testng.TestNG.runSuitesLocally(TestNG.java:1140)
at org.testng.TestNG.runSuites(TestNG.java:1069)
at org.testng.TestNG.run(TestNG.java:1037)
at org.testng.remote.AbstractRemoteTestNG.run(AbstractRemoteTestNG.java:115)
at org.testng.remote.RemoteTestNG.initAndRun(RemoteTestNG.java:251)
at org.testng.remote.RemoteTestNG.main(RemoteTestNG.java:77)
]]>
            </full-stacktrace>
          </exception> <!-- java.lang.IllegalArgumentException -->
          <reporter-output>
          </reporter-output>
        </test-method> <!-- loginToEBanking -->
        <test-method is-config="true" signature="getStatus()[pri:0, instance:com.EBanking.testCases.eBanking_TC002_LoginPageDDT@bef2d72]" started-at="2022-06-15T16:56:44 IST" name="getStatus" finished-at="2022-06-15T16:56:44 IST" duration-ms="14" status="PASS">
          <reporter-output>
          </reporter-output>
        </test-method> <!-- getStatus -->
        <test-method is-config="true" signature="launchApplication()[pri:0, instance:com.EBanking.testCases.eBanking_TC002_LoginPageDDT@bef2d72]" started-at="2022-06-15T16:56:44 IST" name="launchApplication" finished-at="2022-06-15T16:57:09 IST" duration-ms="25570" status="PASS">
          <reporter-output>
          </reporter-output>
        </test-method> <!-- launchApplication -->
        <test-method signature="loginToEBanking(java.lang.String, java.lang.String)[pri:0, instance:com.EBanking.testCases.eBanking_TC002_LoginPageDDT@bef2d72]" started-at="2022-06-15T16:57:09 IST" name="loginToEBanking" data-provider="LoginData" finished-at="2022-06-15T16:57:09 IST" duration-ms="77" status="FAIL">
          <params>
            <param index="0">
              <value is-null="true"/>
            </param>
            <param index="1">
              <value is-null="true"/>
            </param>
          </params>
          <exception class="java.lang.IllegalArgumentException">
            <message>
              <![CDATA[Keys to send should be a not null CharSequence]]>
            </message>
            <full-stacktrace>
              <![CDATA[java.lang.IllegalArgumentException: Keys to send should be a not null CharSequence
at org.openqa.selenium.remote.RemoteWebElement.sendKeys(RemoteWebElement.java:97)
at java.base/jdk.internal.reflect.NativeMethodAccessorImpl.invoke0(Native Method)
at java.base/jdk.internal.reflect.NativeMethodAccessorImpl.invoke(NativeMethodAccessorImpl.java:77)
at java.base/jdk.internal.reflect.DelegatingMethodAccessorImpl.invoke(DelegatingMethodAccessorImpl.java:43)
at java.base/java.lang.reflect.Method.invoke(Method.java:568)
at org.openqa.selenium.support.pagefactory.internal.LocatingElementHandler.invoke(LocatingElementHandler.java:51)
at jdk.proxy2/jdk.proxy2.$Proxy17.sendKeys(Unknown Source)
at com.EBanking.PageObjects.eBanking_LogIn_002.setUserName(eBanking_LogIn_002.java:31)
at com.EBanking.testCases.eBanking_TC002_LoginPageDDT.loginToEBanking(eBanking_TC002_LoginPageDDT.java:65)
at java.base/jdk.internal.reflect.NativeMethodAccessorImpl.invoke0(Native Method)
at java.base/jdk.internal.reflect.NativeMethodAccessorImpl.invoke(NativeMethodAccessorImpl.java:77)
at java.base/jdk.internal.reflect.DelegatingMethodAccessorImpl.invoke(DelegatingMethodAccessorImpl.java:43)
at java.base/java.lang.reflect.Method.invoke(Method.java:568)
at org.testng.internal.MethodInvocationHelper.invokeMethod(MethodInvocationHelper.java:132)
at org.testng.internal.TestInvoker.invokeMethod(TestInvoker.java:599)
at org.testng.internal.TestInvoker.invokeTestMethod(TestInvoker.java:174)
at org.testng.internal.MethodRunner.runInSequence(MethodRunner.java:46)
at org.testng.internal.TestInvoker$MethodInvocationAgent.invoke(TestInvoker.java:822)
at org.testng.internal.TestInvoker.invokeTestMethods(TestInvoker.java:147)
at org.testng.internal.TestMethodWorker.invokeTestMethods(TestMethodWorker.java:146)
at org.testng.internal.TestMethodWorker.run(TestMethodWorker.java:128)
at java.base/java.util.ArrayList.forEach(ArrayList.java:1511)
at org.testng.TestRunner.privateRun(TestRunner.java:764)
at org.testng.TestRunner.run(TestRunner.java:585)
at org.testng.SuiteRunner.runTest(SuiteRunner.java:384)
at org.testng.SuiteRunner.runSequentially(SuiteRunner.java:378)
at org.testng.SuiteRunner.privateRun(SuiteRunner.java:337)
at org.testng.SuiteRunner.run(SuiteRunner.java:286)
at org.testng.SuiteRunnerWorker.runSuite(SuiteRunnerWorker.java:53)
at org.testng.SuiteRunnerWorker.run(SuiteRunnerWorker.java:96)
at org.testng.TestNG.runSuitesSequentially(TestNG.java:1218)
at org.testng.TestNG.runSuitesLocally(TestNG.java:1140)
at org.testng.TestNG.runSuites(TestNG.java:1069)
at org.testng.TestNG.run(TestNG.java:1037)
at org.testng.remote.AbstractRemoteTestNG.run(AbstractRemoteTestNG.java:115)
at org.testng.remote.RemoteTestNG.initAndRun(RemoteTestNG.java:251)
at org.testng.remote.RemoteTestNG.main(RemoteTestNG.java:77)
]]>
            </full-stacktrace>
          </exception> <!-- java.lang.IllegalArgumentException -->
          <reporter-output>
          </reporter-output>
        </test-method> <!-- loginToEBanking -->
        <test-method is-config="true" signature="getStatus()[pri:0, instance:com.EBanking.testCases.eBanking_TC002_LoginPageDDT@bef2d72]" started-at="2022-06-15T16:57:09 IST" name="getStatus" finished-at="2022-06-15T16:57:09 IST" duration-ms="12" status="PASS">
          <reporter-output>
          </reporter-output>
        </test-method> <!-- getStatus -->
        <test-method is-config="true" signature="closeApplication()[pri:0, instance:com.EBanking.testCases.eBanking_TC002_LoginPageDDT@bef2d72]" started-at="2022-06-15T16:57:09 IST" name="closeApplication" finished-at="2022-06-15T16:57:11 IST" duration-ms="1491" status="PASS">
          <reporter-output>
          </reporter-output>
        </test-method> <!-- closeApplication -->
      </class> <!-- com.EBanking.testCases.eBanking_TC002_LoginPageDDT -->
    </test> <!-- LoginEbankingDDT -->
  </suite> <!-- EBankingDDT -->
</testng-results>
